{"/Users/Mostafa/Desktop/Githubcommit/31-1987/app.js":{"path":"/Users/Mostafa/Desktop/Githubcommit/31-1987/app.js","s":{"1":1,"2":1,"3":1,"4":1,"5":1,"6":1,"7":1,"8":1,"9":1,"10":1,"11":1,"12":1,"13":1,"14":1,"15":1,"16":1,"17":1,"18":1,"19":1,"20":1},"b":{},"f":{"1":1,"2":1,"3":1,"4":1,"5":1,"6":1,"7":1,"8":1},"fnMap":{"1":{"name":"(anonymous_1)","line":6,"loc":{"start":{"line":6,"column":11},"end":{"line":6,"column":25}}},"2":{"name":"(anonymous_2)","line":7,"loc":{"start":{"line":7,"column":33},"end":{"line":7,"column":44}}},"3":{"name":"(anonymous_3)","line":10,"loc":{"start":{"line":10,"column":30},"end":{"line":10,"column":43}}},"4":{"name":"(anonymous_4)","line":21,"loc":{"start":{"line":21,"column":22},"end":{"line":21,"column":41}}},"5":{"name":"(anonymous_5)","line":23,"loc":{"start":{"line":23,"column":24},"end":{"line":24,"column":2}}},"6":{"name":"(anonymous_6)","line":30,"loc":{"start":{"line":30,"column":23},"end":{"line":30,"column":42}}},"7":{"name":"(anonymous_7)","line":32,"loc":{"start":{"line":32,"column":25},"end":{"line":33,"column":2}}},"8":{"name":"(anonymous_8)","line":41,"loc":{"start":{"line":41,"column":8},"end":{"line":41,"column":33}}}},"statementMap":{"1":{"start":{"line":1,"column":0},"end":{"line":1,"column":33}},"2":{"start":{"line":2,"column":0},"end":{"line":2,"column":20}},"3":{"start":{"line":3,"column":0},"end":{"line":3,"column":28}},"4":{"start":{"line":4,"column":0},"end":{"line":4,"column":37}},"5":{"start":{"line":6,"column":0},"end":{"line":17,"column":3}},"6":{"start":{"line":7,"column":16},"end":{"line":15,"column":3}},"7":{"start":{"line":9,"column":18},"end":{"line":9,"column":61}},"8":{"start":{"line":10,"column":18},"end":{"line":13,"column":13}},"9":{"start":{"line":18,"column":0},"end":{"line":18,"column":34}},"10":{"start":{"line":21,"column":0},"end":{"line":28,"column":3}},"11":{"start":{"line":23,"column":2},"end":{"line":26,"column":3}},"12":{"start":{"line":25,"column":2},"end":{"line":25,"column":17}},"13":{"start":{"line":30,"column":0},"end":{"line":37,"column":3}},"14":{"start":{"line":32,"column":2},"end":{"line":35,"column":3}},"15":{"start":{"line":34,"column":4},"end":{"line":34,"column":19}},"16":{"start":{"line":41,"column":0},"end":{"line":45,"column":3}},"17":{"start":{"line":42,"column":2},"end":{"line":42,"column":35}},"18":{"start":{"line":43,"column":2},"end":{"line":43,"column":19}},"19":{"start":{"line":44,"column":2},"end":{"line":44,"column":12}},"20":{"start":{"line":57,"column":0},"end":{"line":57,"column":21}}},"branchMap":{}},"/Users/Mostafa/Desktop/Githubcommit/31-1987/db.js":{"path":"/Users/Mostafa/Desktop/Githubcommit/31-1987/db.js","s":{"1":1,"2":1,"3":1,"4":1,"5":1,"6":2,"7":2,"8":2,"9":2,"10":2,"11":13,"12":1,"13":1,"14":1,"15":1,"16":1},"b":{"1":[2,0]},"f":{"1":2,"2":2,"3":13,"4":1,"5":1,"6":1},"fnMap":{"1":{"name":"connect","line":9,"loc":{"start":{"line":9,"column":13},"end":{"line":9,"column":34}}},"2":{"name":"(anonymous_2)","line":10,"loc":{"start":{"line":10,"column":35},"end":{"line":10,"column":53}}},"3":{"name":"db","line":23,"loc":{"start":{"line":23,"column":8},"end":{"line":23,"column":22}}},"4":{"name":"clearDB","line":32,"loc":{"start":{"line":32,"column":13},"end":{"line":32,"column":36}}},"5":{"name":"(anonymous_5)","line":33,"loc":{"start":{"line":33,"column":45},"end":{"line":33,"column":67}}},"6":{"name":"(anonymous_6)","line":34,"loc":{"start":{"line":34,"column":32},"end":{"line":34,"column":44}}}},"statementMap":{"1":{"start":{"line":1,"column":0},"end":{"line":1,"column":49}},"2":{"start":{"line":2,"column":0},"end":{"line":2,"column":31}},"3":{"start":{"line":3,"column":0},"end":{"line":3,"column":15}},"4":{"start":{"line":4,"column":0},"end":{"line":4,"column":51}},"5":{"start":{"line":7,"column":0},"end":{"line":40,"column":2}},"6":{"start":{"line":10,"column":8},"end":{"line":20,"column":11}},"7":{"start":{"line":11,"column":12},"end":{"line":17,"column":13}},"8":{"start":{"line":13,"column":14},"end":{"line":13,"column":56}},"9":{"start":{"line":14,"column":14},"end":{"line":14,"column":23}},"10":{"start":{"line":16,"column":12},"end":{"line":16,"column":17}},"11":{"start":{"line":25,"column":10},"end":{"line":25,"column":21}},"12":{"start":{"line":33,"column":8},"end":{"line":38,"column":23}},"13":{"start":{"line":34,"column":12},"end":{"line":36,"column":15}},"14":{"start":{"line":35,"column":16},"end":{"line":35,"column":52}},"15":{"start":{"line":37,"column":12},"end":{"line":37,"column":19}},"16":{"start":{"line":42,"column":0},"end":{"line":42,"column":20}}},"branchMap":{"1":{"line":11,"type":"if","locations":[{"start":{"line":11,"column":12},"end":{"line":11,"column":12}},{"start":{"line":11,"column":12},"end":{"line":11,"column":12}}]}}},"/Users/Mostafa/Desktop/Githubcommit/31-1987/quotes.js":{"path":"/Users/Mostafa/Desktop/Githubcommit/31-1987/quotes.js","s":{"1":1,"2":1,"3":1,"4":11,"5":6,"6":5,"7":1,"8":9,"9":1,"10":5,"11":1,"12":4,"13":4,"14":4,"15":4,"16":1,"17":1,"18":102,"19":1,"20":3,"21":1,"22":9,"23":9,"24":9,"25":9,"26":9,"27":927,"28":918,"29":918,"30":9,"31":1,"32":3,"33":3,"34":3,"35":0,"36":1},"b":{"1":[6,5],"2":[1,3],"3":[918,9],"4":[3,0]},"f":{"1":11,"2":9,"3":5,"4":4,"5":4,"6":9,"7":927,"8":3,"9":3},"fnMap":{"1":{"name":"(anonymous_1)","line":7,"loc":{"start":{"line":7,"column":35},"end":{"line":7,"column":59}}},"2":{"name":"(anonymous_2)","line":18,"loc":{"start":{"line":18,"column":24},"end":{"line":18,"column":35}}},"3":{"name":"(anonymous_3)","line":22,"loc":{"start":{"line":22,"column":23},"end":{"line":22,"column":38}}},"4":{"name":"(anonymous_4)","line":29,"loc":{"start":{"line":29,"column":11},"end":{"line":29,"column":24}}},"5":{"name":"(anonymous_5)","line":33,"loc":{"start":{"line":33,"column":33},"end":{"line":34,"column":2}}},"6":{"name":"(anonymous_6)","line":54,"loc":{"start":{"line":54,"column":21},"end":{"line":55,"column":0}}},"7":{"name":"(anonymous_7)","line":61,"loc":{"start":{"line":61,"column":17},"end":{"line":61,"column":36}}},"8":{"name":"(anonymous_8)","line":80,"loc":{"start":{"line":80,"column":21},"end":{"line":81,"column":0}}},"9":{"name":"(anonymous_9)","line":82,"loc":{"start":{"line":82,"column":17},"end":{"line":82,"column":35}}}},"statementMap":{"1":{"start":{"line":1,"column":0},"end":{"line":1,"column":39}},"2":{"start":{"line":2,"column":0},"end":{"line":2,"column":28}},"3":{"start":{"line":7,"column":1},"end":{"line":16,"column":1}},"4":{"start":{"line":8,"column":1},"end":{"line":14,"column":2}},"5":{"start":{"line":10,"column":2},"end":{"line":10,"column":57}},"6":{"start":{"line":13,"column":2},"end":{"line":13,"column":22}},"7":{"start":{"line":18,"column":0},"end":{"line":20,"column":1}},"8":{"start":{"line":19,"column":1},"end":{"line":19,"column":15}},"9":{"start":{"line":22,"column":0},"end":{"line":26,"column":1}},"10":{"start":{"line":24,"column":2},"end":{"line":24,"column":64}},"11":{"start":{"line":29,"column":0},"end":{"line":52,"column":1}},"12":{"start":{"line":31,"column":1},"end":{"line":31,"column":12}},"13":{"start":{"line":32,"column":1},"end":{"line":32,"column":20}},"14":{"start":{"line":33,"column":1},"end":{"line":51,"column":5}},"15":{"start":{"line":36,"column":6},"end":{"line":50,"column":4}},"16":{"start":{"line":38,"column":4},"end":{"line":38,"column":39}},"17":{"start":{"line":39,"column":4},"end":{"line":42,"column":5}},"18":{"start":{"line":41,"column":5},"end":{"line":41,"column":54}},"19":{"start":{"line":43,"column":4},"end":{"line":43,"column":46}},"20":{"start":{"line":47,"column":4},"end":{"line":47,"column":32}},"21":{"start":{"line":54,"column":0},"end":{"line":78,"column":1}},"22":{"start":{"line":56,"column":1},"end":{"line":56,"column":20}},"23":{"start":{"line":58,"column":1},"end":{"line":58,"column":49}},"24":{"start":{"line":59,"column":1},"end":{"line":59,"column":14}},"25":{"start":{"line":60,"column":1},"end":{"line":60,"column":9}},"26":{"start":{"line":61,"column":1},"end":{"line":74,"column":6}},"27":{"start":{"line":63,"column":3},"end":{"line":73,"column":7}},"28":{"start":{"line":65,"column":5},"end":{"line":65,"column":18}},"29":{"start":{"line":66,"column":5},"end":{"line":66,"column":9}},"30":{"start":{"line":72,"column":7},"end":{"line":72,"column":28}},"31":{"start":{"line":80,"column":0},"end":{"line":96,"column":1}},"32":{"start":{"line":82,"column":1},"end":{"line":93,"column":4}},"33":{"start":{"line":83,"column":2},"end":{"line":91,"column":3}},"34":{"start":{"line":86,"column":6},"end":{"line":86,"column":56}},"35":{"start":{"line":90,"column":3},"end":{"line":90,"column":16}},"36":{"start":{"line":98,"column":0},"end":{"line":106,"column":1}}},"branchMap":{"1":{"line":8,"type":"if","locations":[{"start":{"line":8,"column":1},"end":{"line":8,"column":1}},{"start":{"line":8,"column":1},"end":{"line":8,"column":1}}]},"2":{"line":36,"type":"if","locations":[{"start":{"line":36,"column":6},"end":{"line":36,"column":6}},{"start":{"line":36,"column":6},"end":{"line":36,"column":6}}]},"3":{"line":63,"type":"if","locations":[{"start":{"line":63,"column":3},"end":{"line":63,"column":3}},{"start":{"line":63,"column":3},"end":{"line":63,"column":3}}]},"4":{"line":83,"type":"if","locations":[{"start":{"line":83,"column":2},"end":{"line":83,"column":2}},{"start":{"line":83,"column":2},"end":{"line":83,"column":2}}]}}}}