TN:
SF:/Users/Mostafa/Desktop/Githubcommit/31-1987/app.js
FN:6,(anonymous_1)
FN:7,(anonymous_2)
FN:10,(anonymous_3)
FN:21,(anonymous_4)
FN:23,(anonymous_5)
FN:30,(anonymous_6)
FN:32,(anonymous_7)
FN:41,(anonymous_8)
FNF:8
FNH:8
FNDA:1,(anonymous_1)
FNDA:1,(anonymous_2)
FNDA:1,(anonymous_3)
FNDA:1,(anonymous_4)
FNDA:1,(anonymous_5)
FNDA:1,(anonymous_6)
FNDA:1,(anonymous_7)
FNDA:1,(anonymous_8)
DA:1,1
DA:2,1
DA:3,1
DA:4,1
DA:6,1
DA:7,1
DA:9,1
DA:10,1
DA:18,1
DA:21,1
DA:23,1
DA:25,1
DA:30,1
DA:32,1
DA:34,1
DA:41,1
DA:42,1
DA:43,1
DA:44,1
DA:57,1
LF:20
LH:20
BRF:0
BRH:0
end_of_record
TN:
SF:/Users/Mostafa/Desktop/Githubcommit/31-1987/db.js
FN:9,connect
FN:10,(anonymous_2)
FN:23,db
FN:32,clearDB
FN:33,(anonymous_5)
FN:34,(anonymous_6)
FNF:6
FNH:6
FNDA:2,connect
FNDA:2,(anonymous_2)
FNDA:13,db
FNDA:1,clearDB
FNDA:1,(anonymous_5)
FNDA:1,(anonymous_6)
DA:1,1
DA:2,1
DA:3,1
DA:4,1
DA:7,1
DA:10,2
DA:11,2
DA:13,2
DA:14,2
DA:16,2
DA:25,13
DA:33,1
DA:34,1
DA:35,1
DA:37,1
DA:42,1
LF:16
LH:16
BRDA:11,1,0,2
BRDA:11,1,1,0
BRF:2
BRH:1
end_of_record
TN:
SF:/Users/Mostafa/Desktop/Githubcommit/31-1987/quotes.js
FN:7,(anonymous_1)
FN:18,(anonymous_2)
FN:22,(anonymous_3)
FN:29,(anonymous_4)
FN:33,(anonymous_5)
FN:54,(anonymous_6)
FN:61,(anonymous_7)
FN:80,(anonymous_8)
FN:82,(anonymous_9)
FNF:9
FNH:9
FNDA:11,(anonymous_1)
FNDA:9,(anonymous_2)
FNDA:5,(anonymous_3)
FNDA:4,(anonymous_4)
FNDA:4,(anonymous_5)
FNDA:9,(anonymous_6)
FNDA:927,(anonymous_7)
FNDA:3,(anonymous_8)
FNDA:3,(anonymous_9)
DA:1,1
DA:2,1
DA:7,1
DA:8,11
DA:10,6
DA:13,5
DA:18,1
DA:19,9
DA:22,1
DA:24,5
DA:29,1
DA:31,4
DA:32,4
DA:33,4
DA:36,4
DA:38,1
DA:39,1
DA:41,102
DA:43,1
DA:47,3
DA:54,1
DA:56,9
DA:58,9
DA:59,9
DA:60,9
DA:61,9
DA:63,927
DA:65,918
DA:66,918
DA:72,9
DA:80,1
DA:82,3
DA:83,3
DA:86,3
DA:90,0
DA:98,1
LF:36
LH:35
BRDA:8,1,0,6
BRDA:8,1,1,5
BRDA:36,2,0,1
BRDA:36,2,1,3
BRDA:63,3,0,918
BRDA:63,3,1,9
BRDA:83,4,0,3
BRDA:83,4,1,0
BRF:8
BRH:7
end_of_record
