{"/home/marc/Desktop/31-8955/app.js":{"path":"/home/marc/Desktop/31-8955/app.js","s":{"1":1,"2":1,"3":1,"4":1,"5":1,"6":1,"7":1,"8":1,"9":1,"10":1,"11":1,"12":0,"13":1,"14":1,"15":1,"16":1,"17":0,"18":1,"19":1,"20":1,"21":0,"22":1,"23":1,"24":1},"b":{"1":[0,1],"2":[0,1]},"f":{"1":1,"2":1,"3":1,"4":1,"5":0,"6":1},"fnMap":{"1":{"name":"(anonymous_1)","line":11,"loc":{"start":{"line":11,"column":11},"end":{"line":11,"column":32}}},"2":{"name":"(anonymous_2)","line":12,"loc":{"start":{"line":12,"column":19},"end":{"line":12,"column":41}}},"3":{"name":"(anonymous_3)","line":19,"loc":{"start":{"line":19,"column":22},"end":{"line":20,"column":0}}},"4":{"name":"(anonymous_4)","line":21,"loc":{"start":{"line":21,"column":25},"end":{"line":21,"column":50}}},"5":{"name":"(anonymous_5)","line":30,"loc":{"start":{"line":30,"column":8},"end":{"line":31,"column":0}}},"6":{"name":"(anonymous_6)","line":35,"loc":{"start":{"line":35,"column":36},"end":{"line":35,"column":48}}}},"statementMap":{"1":{"start":{"line":1,"column":0},"end":{"line":1,"column":34}},"2":{"start":{"line":2,"column":0},"end":{"line":2,"column":31}},"3":{"start":{"line":3,"column":0},"end":{"line":3,"column":25}},"4":{"start":{"line":4,"column":0},"end":{"line":4,"column":29}},"5":{"start":{"line":5,"column":0},"end":{"line":5,"column":38}},"6":{"start":{"line":6,"column":0},"end":{"line":6,"column":34}},"7":{"start":{"line":7,"column":0},"end":{"line":7,"column":31}},"8":{"start":{"line":9,"column":0},"end":{"line":9,"column":55}},"9":{"start":{"line":11,"column":0},"end":{"line":16,"column":2}},"10":{"start":{"line":12,"column":6},"end":{"line":15,"column":8}},"11":{"start":{"line":13,"column":9},"end":{"line":14,"column":49}},"12":{"start":{"line":13,"column":21},"end":{"line":13,"column":49}},"13":{"start":{"line":14,"column":15},"end":{"line":14,"column":48}},"14":{"start":{"line":19,"column":0},"end":{"line":27,"column":2}},"15":{"start":{"line":21,"column":2},"end":{"line":26,"column":50}},"16":{"start":{"line":22,"column":4},"end":{"line":26,"column":47}},"17":{"start":{"line":22,"column":15},"end":{"line":22,"column":52}},"18":{"start":{"line":25,"column":9},"end":{"line":25,"column":59}},"19":{"start":{"line":26,"column":9},"end":{"line":26,"column":46}},"20":{"start":{"line":30,"column":0},"end":{"line":33,"column":3}},"21":{"start":{"line":32,"column":2},"end":{"line":32,"column":53}},"22":{"start":{"line":35,"column":0},"end":{"line":37,"column":3}},"23":{"start":{"line":36,"column":2},"end":{"line":36,"column":64}},"24":{"start":{"line":39,"column":0},"end":{"line":39,"column":20}}},"branchMap":{"1":{"line":13,"type":"if","locations":[{"start":{"line":13,"column":9},"end":{"line":13,"column":9}},{"start":{"line":13,"column":9},"end":{"line":13,"column":9}}]},"2":{"line":22,"type":"if","locations":[{"start":{"line":22,"column":4},"end":{"line":22,"column":4}},{"start":{"line":22,"column":4},"end":{"line":22,"column":4}}]}}},"/home/marc/Desktop/31-8955/quotes.js":{"path":"/home/marc/Desktop/31-8955/quotes.js","s":{"1":1,"2":1,"3":1,"4":11,"5":11,"6":1,"7":10,"8":1,"9":5,"10":1,"11":3,"12":3,"13":3,"14":1,"15":1,"16":1,"17":0,"18":2,"19":1,"20":6,"21":6,"22":1,"23":3,"24":3,"25":1,"26":1,"27":1},"b":{"1":[7,4],"2":[1,2],"3":[1,0],"4":[1,1]},"f":{"1":11,"2":10,"3":5,"4":3,"5":3,"6":1,"7":6,"8":6,"9":3,"10":3},"fnMap":{"1":{"name":"getElementByIndexElseRandom","line":5,"loc":{"start":{"line":5,"column":35},"end":{"line":6,"column":0}}},"2":{"name":"getQuotesFromJSON","line":11,"loc":{"start":{"line":11,"column":24},"end":{"line":12,"column":0}}},"3":{"name":"getQuoteFromJSON","line":17,"loc":{"start":{"line":17,"column":27},"end":{"line":18,"column":0}}},"4":{"name":"seed","line":22,"loc":{"start":{"line":22,"column":15},"end":{"line":23,"column":0}}},"5":{"name":"(anonymous_5)","line":25,"loc":{"start":{"line":25,"column":49},"end":{"line":25,"column":74}}},"6":{"name":"(anonymous_6)","line":28,"loc":{"start":{"line":28,"column":61},"end":{"line":28,"column":86}}},"7":{"name":"getQuotesFromDB","line":51,"loc":{"start":{"line":51,"column":22},"end":{"line":52,"column":0}}},"8":{"name":"(anonymous_8)","line":53,"loc":{"start":{"line":53,"column":59},"end":{"line":53,"column":79}}},"9":{"name":"getQuoteFromDB","line":58,"loc":{"start":{"line":58,"column":25},"end":{"line":59,"column":0}}},"10":{"name":"(anonymous_10)","line":60,"loc":{"start":{"line":60,"column":20},"end":{"line":60,"column":43}}}},"statementMap":{"1":{"start":{"line":1,"column":0},"end":{"line":1,"column":41}},"2":{"start":{"line":2,"column":0},"end":{"line":2,"column":33}},"3":{"start":{"line":5,"column":0},"end":{"line":9,"column":1}},"4":{"start":{"line":7,"column":3},"end":{"line":7,"column":82}},"5":{"start":{"line":8,"column":3},"end":{"line":8,"column":23}},"6":{"start":{"line":11,"column":0},"end":{"line":14,"column":1}},"7":{"start":{"line":13,"column":3},"end":{"line":13,"column":20}},"8":{"start":{"line":17,"column":0},"end":{"line":20,"column":1}},"9":{"start":{"line":19,"column":3},"end":{"line":19,"column":69}},"10":{"start":{"line":22,"column":0},"end":{"line":49,"column":1}},"11":{"start":{"line":24,"column":3},"end":{"line":24,"column":29}},"12":{"start":{"line":25,"column":3},"end":{"line":46,"column":5}},"13":{"start":{"line":26,"column":4},"end":{"line":44,"column":5}},"14":{"start":{"line":28,"column":6},"end":{"line":38,"column":14}},"15":{"start":{"line":29,"column":6},"end":{"line":36,"column":7}},"16":{"start":{"line":31,"column":9},"end":{"line":31,"column":26}},"17":{"start":{"line":35,"column":9},"end":{"line":35,"column":30}},"18":{"start":{"line":43,"column":5},"end":{"line":43,"column":19}},"19":{"start":{"line":51,"column":0},"end":{"line":56,"column":1}},"20":{"start":{"line":53,"column":3},"end":{"line":55,"column":8}},"21":{"start":{"line":54,"column":4},"end":{"line":54,"column":19}},"22":{"start":{"line":58,"column":0},"end":{"line":63,"column":1}},"23":{"start":{"line":60,"column":3},"end":{"line":62,"column":6}},"24":{"start":{"line":61,"column":7},"end":{"line":61,"column":61}},"25":{"start":{"line":65,"column":0},"end":{"line":65,"column":66}},"26":{"start":{"line":66,"column":0},"end":{"line":66,"column":47}},"27":{"start":{"line":67,"column":0},"end":{"line":67,"column":43}}},"branchMap":{"1":{"line":7,"type":"cond-expr","locations":[{"start":{"line":7,"column":33},"end":{"line":7,"column":73}},{"start":{"line":7,"column":76},"end":{"line":7,"column":81}}]},"2":{"line":26,"type":"if","locations":[{"start":{"line":26,"column":4},"end":{"line":26,"column":4}},{"start":{"line":26,"column":4},"end":{"line":26,"column":4}}]},"3":{"line":29,"type":"if","locations":[{"start":{"line":29,"column":6},"end":{"line":29,"column":6}},{"start":{"line":29,"column":6},"end":{"line":29,"column":6}}]},"4":{"line":29,"type":"binary-expr","locations":[{"start":{"line":29,"column":10},"end":{"line":29,"column":15}},{"start":{"line":29,"column":19},"end":{"line":29,"column":27}}]}}},"/home/marc/Desktop/31-8955/db.js":{"path":"/home/marc/Desktop/31-8955/db.js","s":{"1":1,"2":1,"3":1,"4":1,"5":2,"6":2,"7":0,"8":2,"9":2,"10":1,"11":11,"12":0,"13":11,"14":1,"15":1,"16":1,"17":2,"18":1},"b":{"1":[0,2],"2":[0,11]},"f":{"1":2,"2":2,"3":11,"4":1,"5":1,"6":2},"fnMap":{"1":{"name":"(anonymous_1)","line":10,"loc":{"start":{"line":10,"column":18},"end":{"line":10,"column":31}}},"2":{"name":"(anonymous_2)","line":11,"loc":{"start":{"line":11,"column":24},"end":{"line":11,"column":43}}},"3":{"name":"(anonymous_3)","line":29,"loc":{"start":{"line":29,"column":13},"end":{"line":29,"column":24}}},"4":{"name":"(anonymous_4)","line":38,"loc":{"start":{"line":38,"column":18},"end":{"line":38,"column":33}}},"5":{"name":"(anonymous_5)","line":39,"loc":{"start":{"line":39,"column":40},"end":{"line":39,"column":63}}},"6":{"name":"(anonymous_6)","line":40,"loc":{"start":{"line":40,"column":28},"end":{"line":40,"column":41}}}},"statementMap":{"1":{"start":{"line":2,"column":0},"end":{"line":2,"column":43}},"2":{"start":{"line":3,"column":0},"end":{"line":3,"column":14}},"3":{"start":{"line":4,"column":0},"end":{"line":4,"column":51}},"4":{"start":{"line":10,"column":0},"end":{"line":20,"column":2}},"5":{"start":{"line":11,"column":4},"end":{"line":17,"column":6}},"6":{"start":{"line":12,"column":5},"end":{"line":16,"column":14}},"7":{"start":{"line":12,"column":14},"end":{"line":12,"column":55}},"8":{"start":{"line":14,"column":12},"end":{"line":14,"column":24}},"9":{"start":{"line":15,"column":12},"end":{"line":15,"column":19}},"10":{"start":{"line":29,"column":0},"end":{"line":32,"column":2}},"11":{"start":{"line":30,"column":4},"end":{"line":30,"column":75}},"12":{"start":{"line":30,"column":21},"end":{"line":30,"column":75}},"13":{"start":{"line":31,"column":4},"end":{"line":31,"column":14}},"14":{"start":{"line":38,"column":0},"end":{"line":45,"column":2}},"15":{"start":{"line":39,"column":4},"end":{"line":44,"column":19}},"16":{"start":{"line":40,"column":8},"end":{"line":42,"column":11}},"17":{"start":{"line":41,"column":12},"end":{"line":41,"column":47}},"18":{"start":{"line":43,"column":8},"end":{"line":43,"column":15}}},"branchMap":{"1":{"line":12,"type":"if","locations":[{"start":{"line":12,"column":5},"end":{"line":12,"column":5}},{"start":{"line":12,"column":5},"end":{"line":12,"column":5}}]},"2":{"line":30,"type":"if","locations":[{"start":{"line":30,"column":4},"end":{"line":30,"column":4}},{"start":{"line":30,"column":4},"end":{"line":30,"column":4}}]}}}}