TN:
SF:/home/marc/Desktop/31-8955/app.js
FN:11,(anonymous_1)
FN:12,(anonymous_2)
FN:19,(anonymous_3)
FN:21,(anonymous_4)
FN:30,(anonymous_5)
FN:35,(anonymous_6)
FNF:6
FNH:5
FNDA:1,(anonymous_1)
FNDA:1,(anonymous_2)
FNDA:1,(anonymous_3)
FNDA:1,(anonymous_4)
FNDA:0,(anonymous_5)
FNDA:1,(anonymous_6)
DA:1,1
DA:2,1
DA:3,1
DA:4,1
DA:5,1
DA:6,1
DA:7,1
DA:9,1
DA:11,1
DA:12,1
DA:13,1
DA:14,1
DA:19,1
DA:21,1
DA:22,1
DA:25,1
DA:26,1
DA:30,1
DA:32,0
DA:35,1
DA:36,1
DA:39,1
LF:22
LH:21
BRDA:13,1,0,0
BRDA:13,1,1,1
BRDA:22,2,0,0
BRDA:22,2,1,1
BRF:4
BRH:2
end_of_record
TN:
SF:/home/marc/Desktop/31-8955/quotes.js
FN:5,getElementByIndexElseRandom
FN:11,getQuotesFromJSON
FN:17,getQuoteFromJSON
FN:22,seed
FN:25,(anonymous_5)
FN:28,(anonymous_6)
FN:51,getQuotesFromDB
FN:53,(anonymous_8)
FN:58,getQuoteFromDB
FN:60,(anonymous_10)
FNF:10
FNH:10
FNDA:11,getElementByIndexElseRandom
FNDA:10,getQuotesFromJSON
FNDA:5,getQuoteFromJSON
FNDA:3,seed
FNDA:3,(anonymous_5)
FNDA:1,(anonymous_6)
FNDA:6,getQuotesFromDB
FNDA:6,(anonymous_8)
FNDA:3,getQuoteFromDB
FNDA:3,(anonymous_10)
DA:1,1
DA:2,1
DA:5,1
DA:7,11
DA:8,11
DA:11,1
DA:13,10
DA:17,1
DA:19,5
DA:22,1
DA:24,3
DA:25,3
DA:26,3
DA:28,1
DA:29,1
DA:31,1
DA:35,0
DA:43,2
DA:51,1
DA:53,6
DA:54,6
DA:58,1
DA:60,3
DA:61,3
DA:65,1
DA:66,1
DA:67,1
LF:27
LH:26
BRDA:7,1,0,7
BRDA:7,1,1,4
BRDA:26,2,0,1
BRDA:26,2,1,2
BRDA:29,3,0,1
BRDA:29,3,1,0
BRDA:29,4,0,1
BRDA:29,4,1,1
BRF:8
BRH:7
end_of_record
TN:
SF:/home/marc/Desktop/31-8955/db.js
FN:10,(anonymous_1)
FN:11,(anonymous_2)
FN:29,(anonymous_3)
FN:38,(anonymous_4)
FN:39,(anonymous_5)
FN:40,(anonymous_6)
FNF:6
FNH:6
FNDA:2,(anonymous_1)
FNDA:2,(anonymous_2)
FNDA:11,(anonymous_3)
FNDA:1,(anonymous_4)
FNDA:1,(anonymous_5)
FNDA:2,(anonymous_6)
DA:2,1
DA:3,1
DA:4,1
DA:10,1
DA:11,2
DA:12,2
DA:14,2
DA:15,2
DA:29,1
DA:30,11
DA:31,11
DA:38,1
DA:39,1
DA:40,1
DA:41,2
DA:43,1
LF:16
LH:16
BRDA:12,1,0,0
BRDA:12,1,1,2
BRDA:30,2,0,0
BRDA:30,2,1,11
BRF:4
BRH:2
end_of_record
