{"/home/souidan/Desktop/Semester6/SE/31-2273/app.js":{"path":"/home/souidan/Desktop/Semester6/SE/31-2273/app.js","s":{"1":1,"2":1,"3":1,"4":1,"5":1,"6":1,"7":1,"8":1,"9":1,"10":1,"11":1,"12":1,"13":1,"14":1,"15":1,"16":1,"17":1,"18":1,"19":1,"20":1,"21":0,"22":0,"23":0,"24":1,"25":0,"26":0,"27":0,"28":1},"b":{},"f":{"1":0,"2":0},"fnMap":{"1":{"name":"(anonymous_1)","line":30,"loc":{"start":{"line":30,"column":13},"end":{"line":30,"column":31}}},"2":{"name":"(anonymous_2)","line":40,"loc":{"start":{"line":40,"column":8},"end":{"line":40,"column":33}}}},"statementMap":{"1":{"start":{"line":1,"column":0},"end":{"line":1,"column":33}},"2":{"start":{"line":2,"column":0},"end":{"line":2,"column":27}},"3":{"start":{"line":3,"column":0},"end":{"line":3,"column":39}},"4":{"start":{"line":4,"column":0},"end":{"line":4,"column":31}},"5":{"start":{"line":5,"column":0},"end":{"line":5,"column":44}},"6":{"start":{"line":6,"column":0},"end":{"line":6,"column":40}},"7":{"start":{"line":8,"column":0},"end":{"line":8,"column":39}},"8":{"start":{"line":9,"column":0},"end":{"line":9,"column":34}},"9":{"start":{"line":11,"column":0},"end":{"line":11,"column":23}},"10":{"start":{"line":12,"column":0},"end":{"line":12,"column":20}},"11":{"start":{"line":15,"column":0},"end":{"line":15,"column":47}},"12":{"start":{"line":16,"column":0},"end":{"line":16,"column":31}},"13":{"start":{"line":20,"column":0},"end":{"line":20,"column":23}},"14":{"start":{"line":21,"column":0},"end":{"line":21,"column":27}},"15":{"start":{"line":22,"column":0},"end":{"line":22,"column":52}},"16":{"start":{"line":23,"column":0},"end":{"line":23,"column":24}},"17":{"start":{"line":25,"column":0},"end":{"line":25,"column":38}},"18":{"start":{"line":27,"column":0},"end":{"line":27,"column":21}},"19":{"start":{"line":28,"column":0},"end":{"line":28,"column":21}},"20":{"start":{"line":30,"column":0},"end":{"line":35,"column":3}},"21":{"start":{"line":31,"column":2},"end":{"line":31,"column":53}},"22":{"start":{"line":32,"column":2},"end":{"line":32,"column":31}},"23":{"start":{"line":33,"column":2},"end":{"line":33,"column":12}},"24":{"start":{"line":40,"column":0},"end":{"line":44,"column":3}},"25":{"start":{"line":41,"column":2},"end":{"line":41,"column":35}},"26":{"start":{"line":42,"column":2},"end":{"line":42,"column":19}},"27":{"start":{"line":43,"column":2},"end":{"line":43,"column":12}},"28":{"start":{"line":57,"column":0},"end":{"line":57,"column":21}}},"branchMap":{}},"/home/souidan/Desktop/Semester6/SE/31-2273/routes/index.js":{"path":"/home/souidan/Desktop/Semester6/SE/31-2273/routes/index.js","s":{"1":1,"2":1,"3":1,"4":1,"5":0,"6":1},"b":{},"f":{"1":0},"fnMap":{"1":{"name":"(anonymous_1)","line":5,"loc":{"start":{"line":5,"column":16},"end":{"line":5,"column":41}}}},"statementMap":{"1":{"start":{"line":1,"column":0},"end":{"line":1,"column":33}},"2":{"start":{"line":2,"column":0},"end":{"line":2,"column":30}},"3":{"start":{"line":3,"column":0},"end":{"line":3,"column":28}},"4":{"start":{"line":5,"column":0},"end":{"line":7,"column":3}},"5":{"start":{"line":6,"column":2},"end":{"line":6,"column":39}},"6":{"start":{"line":9,"column":0},"end":{"line":9,"column":24}}},"branchMap":{}},"/home/souidan/Desktop/Semester6/SE/31-2273/db.js":{"path":"/home/souidan/Desktop/Semester6/SE/31-2273/db.js","s":{"1":1,"2":1,"3":1,"4":1,"5":1,"6":1,"7":1,"8":1,"9":1,"10":1,"11":17,"12":0,"13":17,"14":1,"15":1,"16":1,"17":0,"18":1},"b":{"1":[0,17],"2":[0,1]},"f":{"1":1,"2":1,"3":17,"4":1,"5":1},"fnMap":{"1":{"name":"(anonymous_1)","line":6,"loc":{"start":{"line":6,"column":16},"end":{"line":6,"column":29}}},"2":{"name":"(anonymous_2)","line":7,"loc":{"start":{"line":7,"column":20},"end":{"line":7,"column":40}}},"3":{"name":"(anonymous_3)","line":17,"loc":{"start":{"line":17,"column":17},"end":{"line":17,"column":28}}},"4":{"name":"(anonymous_4)","line":26,"loc":{"start":{"line":26,"column":18},"end":{"line":26,"column":33}}},"5":{"name":"(anonymous_5)","line":27,"loc":{"start":{"line":27,"column":20},"end":{"line":28,"column":4}}}},"statementMap":{"1":{"start":{"line":1,"column":0},"end":{"line":1,"column":25}},"2":{"start":{"line":2,"column":0},"end":{"line":2,"column":41}},"3":{"start":{"line":3,"column":0},"end":{"line":3,"column":12}},"4":{"start":{"line":4,"column":0},"end":{"line":4,"column":45}},"5":{"start":{"line":6,"column":0},"end":{"line":13,"column":6}},"6":{"start":{"line":7,"column":2},"end":{"line":11,"column":5}},"7":{"start":{"line":8,"column":6},"end":{"line":8,"column":16}},"8":{"start":{"line":9,"column":6},"end":{"line":9,"column":45}},"9":{"start":{"line":10,"column":6},"end":{"line":10,"column":21}},"10":{"start":{"line":17,"column":4},"end":{"line":20,"column":2}},"11":{"start":{"line":18,"column":4},"end":{"line":18,"column":75}},"12":{"start":{"line":18,"column":21},"end":{"line":18,"column":75}},"13":{"start":{"line":19,"column":8},"end":{"line":19,"column":18}},"14":{"start":{"line":26,"column":0},"end":{"line":35,"column":6}},"15":{"start":{"line":27,"column":4},"end":{"line":33,"column":7}},"16":{"start":{"line":29,"column":8},"end":{"line":31,"column":18}},"17":{"start":{"line":29,"column":15},"end":{"line":29,"column":25}},"18":{"start":{"line":31,"column":11},"end":{"line":31,"column":18}}},"branchMap":{"1":{"line":18,"type":"if","locations":[{"start":{"line":18,"column":4},"end":{"line":18,"column":4}},{"start":{"line":18,"column":4},"end":{"line":18,"column":4}}]},"2":{"line":29,"type":"if","locations":[{"start":{"line":29,"column":8},"end":{"line":29,"column":8}},{"start":{"line":29,"column":8},"end":{"line":29,"column":8}}]}}},"/home/souidan/Desktop/Semester6/SE/31-2273/routes/api.js":{"path":"/home/souidan/Desktop/Semester6/SE/31-2273/routes/api.js","s":{"1":1,"2":1,"3":1,"4":1,"5":1,"6":0,"7":0,"8":1,"9":0,"10":0,"11":1},"b":{},"f":{"1":0,"2":0,"3":0,"4":0},"fnMap":{"1":{"name":"(anonymous_1)","line":6,"loc":{"start":{"line":6,"column":21},"end":{"line":6,"column":40}}},"2":{"name":"(anonymous_2)","line":9,"loc":{"start":{"line":9,"column":26},"end":{"line":9,"column":49}}},"3":{"name":"(anonymous_3)","line":19,"loc":{"start":{"line":19,"column":22},"end":{"line":19,"column":41}}},"4":{"name":"(anonymous_4)","line":22,"loc":{"start":{"line":22,"column":27},"end":{"line":22,"column":50}}}},"statementMap":{"1":{"start":{"line":1,"column":0},"end":{"line":1,"column":33}},"2":{"start":{"line":2,"column":0},"end":{"line":2,"column":30}},"3":{"start":{"line":3,"column":0},"end":{"line":3,"column":28}},"4":{"start":{"line":4,"column":0},"end":{"line":4,"column":39}},"5":{"start":{"line":6,"column":0},"end":{"line":16,"column":3}},"6":{"start":{"line":9,"column":4},"end":{"line":13,"column":7}},"7":{"start":{"line":11,"column":8},"end":{"line":11,"column":25}},"8":{"start":{"line":19,"column":0},"end":{"line":28,"column":3}},"9":{"start":{"line":22,"column":4},"end":{"line":25,"column":7}},"10":{"start":{"line":23,"column":8},"end":{"line":23,"column":25}},"11":{"start":{"line":29,"column":0},"end":{"line":29,"column":24}}},"branchMap":{}},"/home/souidan/Desktop/Semester6/SE/31-2273/public/quotes.js":{"path":"/home/souidan/Desktop/Semester6/SE/31-2273/public/quotes.js","s":{"1":1,"2":10,"3":5,"4":5,"5":5,"6":5,"7":1,"8":8,"9":8,"10":1,"11":5,"12":5,"13":5,"14":2,"15":2,"16":3,"17":3,"18":1,"19":2,"20":2,"21":2,"22":2,"23":2,"24":2,"25":1,"26":1,"27":1,"28":1,"29":1,"30":1,"31":4,"32":4,"33":4,"34":4,"35":4,"36":4,"37":0,"38":4,"39":1,"40":2,"41":2,"42":2,"43":2,"44":2,"45":1,"46":1,"47":0,"48":1,"49":1,"50":1,"51":1,"52":0,"53":1,"54":1},"b":{"1":[5,5],"2":[5,0],"3":[2,3],"4":[1,1],"5":[0,4],"6":[1,1],"7":[0,1],"8":[0,1]},"f":{"1":10,"2":8,"3":5,"4":2,"5":2,"6":1,"7":4,"8":4,"9":2,"10":1,"11":1},"fnMap":{"1":{"name":"(anonymous_1)","line":1,"loc":{"start":{"line":1,"column":36},"end":{"line":1,"column":57}}},"2":{"name":"(anonymous_2)","line":13,"loc":{"start":{"line":13,"column":27},"end":{"line":13,"column":37}}},"3":{"name":"(anonymous_3)","line":21,"loc":{"start":{"line":21,"column":25},"end":{"line":21,"column":40}}},"4":{"name":"(anonymous_4)","line":37,"loc":{"start":{"line":37,"column":14},"end":{"line":37,"column":26}}},"5":{"name":"(anonymous_5)","line":43,"loc":{"start":{"line":43,"column":68},"end":{"line":43,"column":87}}},"6":{"name":"(anonymous_6)","line":45,"loc":{"start":{"line":45,"column":89},"end":{"line":45,"column":107}}},"7":{"name":"(anonymous_7)","line":59,"loc":{"start":{"line":59,"column":26},"end":{"line":59,"column":38}}},"8":{"name":"(anonymous_8)","line":64,"loc":{"start":{"line":64,"column":24},"end":{"line":64,"column":44}}},"9":{"name":"(anonymous_9)","line":72,"loc":{"start":{"line":72,"column":24},"end":{"line":72,"column":42}}},"10":{"name":"(anonymous_10)","line":78,"loc":{"start":{"line":78,"column":32},"end":{"line":78,"column":55}}},"11":{"name":"(anonymous_11)","line":88,"loc":{"start":{"line":88,"column":36},"end":{"line":88,"column":56}}}},"statementMap":{"1":{"start":{"line":1,"column":0},"end":{"line":12,"column":2}},"2":{"start":{"line":4,"column":7},"end":{"line":7,"column":8}},"3":{"start":{"line":5,"column":11},"end":{"line":5,"column":61}},"4":{"start":{"line":6,"column":11},"end":{"line":6,"column":32}},"5":{"start":{"line":8,"column":4},"end":{"line":10,"column":5}},"6":{"start":{"line":9,"column":8},"end":{"line":9,"column":28}},"7":{"start":{"line":13,"column":1},"end":{"line":19,"column":2}},"8":{"start":{"line":15,"column":4},"end":{"line":15,"column":27}},"9":{"start":{"line":17,"column":4},"end":{"line":17,"column":105}},"10":{"start":{"line":21,"column":0},"end":{"line":35,"column":2}},"11":{"start":{"line":23,"column":4},"end":{"line":23,"column":35}},"12":{"start":{"line":24,"column":4},"end":{"line":24,"column":40}},"13":{"start":{"line":25,"column":4},"end":{"line":34,"column":5}},"14":{"start":{"line":26,"column":4},"end":{"line":26,"column":59}},"15":{"start":{"line":27,"column":4},"end":{"line":27,"column":13}},"16":{"start":{"line":31,"column":8},"end":{"line":31,"column":57}},"17":{"start":{"line":32,"column":8},"end":{"line":32,"column":17}},"18":{"start":{"line":37,"column":0},"end":{"line":58,"column":6}},"19":{"start":{"line":39,"column":4},"end":{"line":39,"column":32}},"20":{"start":{"line":40,"column":4},"end":{"line":40,"column":33}},"21":{"start":{"line":41,"column":4},"end":{"line":41,"column":35}},"22":{"start":{"line":42,"column":4},"end":{"line":42,"column":29}},"23":{"start":{"line":43,"column":4},"end":{"line":57,"column":7}},"24":{"start":{"line":44,"column":8},"end":{"line":54,"column":9}},"25":{"start":{"line":45,"column":12},"end":{"line":49,"column":15}},"26":{"start":{"line":46,"column":16},"end":{"line":46,"column":44}},"27":{"start":{"line":47,"column":16},"end":{"line":47,"column":29}},"28":{"start":{"line":51,"column":12},"end":{"line":51,"column":44}},"29":{"start":{"line":52,"column":12},"end":{"line":52,"column":26}},"30":{"start":{"line":59,"column":2},"end":{"line":70,"column":3}},"31":{"start":{"line":60,"column":5},"end":{"line":60,"column":33}},"32":{"start":{"line":61,"column":5},"end":{"line":61,"column":34}},"33":{"start":{"line":62,"column":5},"end":{"line":62,"column":30}},"34":{"start":{"line":63,"column":5},"end":{"line":63,"column":70}},"35":{"start":{"line":64,"column":5},"end":{"line":67,"column":8}},"36":{"start":{"line":65,"column":9},"end":{"line":65,"column":37}},"37":{"start":{"line":65,"column":16},"end":{"line":65,"column":37}},"38":{"start":{"line":66,"column":10},"end":{"line":66,"column":26}},"39":{"start":{"line":72,"column":1},"end":{"line":98,"column":7}},"40":{"start":{"line":73,"column":5},"end":{"line":73,"column":33}},"41":{"start":{"line":74,"column":5},"end":{"line":74,"column":34}},"42":{"start":{"line":75,"column":5},"end":{"line":75,"column":36}},"43":{"start":{"line":76,"column":5},"end":{"line":76,"column":30}},"44":{"start":{"line":77,"column":5},"end":{"line":96,"column":6}},"45":{"start":{"line":78,"column":9},"end":{"line":85,"column":12}},"46":{"start":{"line":79,"column":13},"end":{"line":83,"column":14}},"47":{"start":{"line":79,"column":20},"end":{"line":79,"column":30}},"48":{"start":{"line":81,"column":17},"end":{"line":81,"column":68}},"49":{"start":{"line":82,"column":17},"end":{"line":82,"column":29}},"50":{"start":{"line":88,"column":13},"end":{"line":95,"column":12}},"51":{"start":{"line":89,"column":17},"end":{"line":93,"column":18}},"52":{"start":{"line":89,"column":24},"end":{"line":89,"column":34}},"53":{"start":{"line":91,"column":21},"end":{"line":91,"column":79}},"54":{"start":{"line":92,"column":21},"end":{"line":92,"column":32}}},"branchMap":{"1":{"line":4,"type":"if","locations":[{"start":{"line":4,"column":7},"end":{"line":4,"column":7}},{"start":{"line":4,"column":7},"end":{"line":4,"column":7}}]},"2":{"line":8,"type":"if","locations":[{"start":{"line":8,"column":4},"end":{"line":8,"column":4}},{"start":{"line":8,"column":4},"end":{"line":8,"column":4}}]},"3":{"line":25,"type":"if","locations":[{"start":{"line":25,"column":4},"end":{"line":25,"column":4}},{"start":{"line":25,"column":4},"end":{"line":25,"column":4}}]},"4":{"line":44,"type":"if","locations":[{"start":{"line":44,"column":8},"end":{"line":44,"column":8}},{"start":{"line":44,"column":8},"end":{"line":44,"column":8}}]},"5":{"line":65,"type":"if","locations":[{"start":{"line":65,"column":9},"end":{"line":65,"column":9}},{"start":{"line":65,"column":9},"end":{"line":65,"column":9}}]},"6":{"line":77,"type":"if","locations":[{"start":{"line":77,"column":5},"end":{"line":77,"column":5}},{"start":{"line":77,"column":5},"end":{"line":77,"column":5}}]},"7":{"line":79,"type":"if","locations":[{"start":{"line":79,"column":13},"end":{"line":79,"column":13}},{"start":{"line":79,"column":13},"end":{"line":79,"column":13}}]},"8":{"line":89,"type":"if","locations":[{"start":{"line":89,"column":17},"end":{"line":89,"column":17}},{"start":{"line":89,"column":17},"end":{"line":89,"column":17}}]}}}}