TN:
SF:/home/souidan/Desktop/Semester6/SE/31-2273/app.js
FN:30,(anonymous_1)
FN:40,(anonymous_2)
FNF:2
FNH:0
FNDA:0,(anonymous_1)
FNDA:0,(anonymous_2)
DA:1,1
DA:2,1
DA:3,1
DA:4,1
DA:5,1
DA:6,1
DA:8,1
DA:9,1
DA:11,1
DA:12,1
DA:15,1
DA:16,1
DA:20,1
DA:21,1
DA:22,1
DA:23,1
DA:25,1
DA:27,1
DA:28,1
DA:30,1
DA:31,0
DA:32,0
DA:33,0
DA:40,1
DA:41,0
DA:42,0
DA:43,0
DA:57,1
LF:28
LH:22
BRF:0
BRH:0
end_of_record
TN:
SF:/home/souidan/Desktop/Semester6/SE/31-2273/routes/index.js
FN:5,(anonymous_1)
FNF:1
FNH:0
FNDA:0,(anonymous_1)
DA:1,1
DA:2,1
DA:3,1
DA:5,1
DA:6,0
DA:9,1
LF:6
LH:5
BRF:0
BRH:0
end_of_record
TN:
SF:/home/souidan/Desktop/Semester6/SE/31-2273/db.js
FN:6,(anonymous_1)
FN:7,(anonymous_2)
FN:17,(anonymous_3)
FN:26,(anonymous_4)
FN:27,(anonymous_5)
FNF:5
FNH:5
FNDA:1,(anonymous_1)
FNDA:1,(anonymous_2)
FNDA:17,(anonymous_3)
FNDA:1,(anonymous_4)
FNDA:1,(anonymous_5)
DA:1,1
DA:2,1
DA:3,1
DA:4,1
DA:6,1
DA:7,1
DA:8,1
DA:9,1
DA:10,1
DA:17,1
DA:18,17
DA:19,17
DA:26,1
DA:27,1
DA:29,1
DA:31,1
LF:16
LH:16
BRDA:18,1,0,0
BRDA:18,1,1,17
BRDA:29,2,0,0
BRDA:29,2,1,1
BRF:4
BRH:2
end_of_record
TN:
SF:/home/souidan/Desktop/Semester6/SE/31-2273/routes/api.js
FN:6,(anonymous_1)
FN:9,(anonymous_2)
FN:19,(anonymous_3)
FN:22,(anonymous_4)
FNF:4
FNH:0
FNDA:0,(anonymous_1)
FNDA:0,(anonymous_2)
FNDA:0,(anonymous_3)
FNDA:0,(anonymous_4)
DA:1,1
DA:2,1
DA:3,1
DA:4,1
DA:6,1
DA:9,0
DA:11,0
DA:19,1
DA:22,0
DA:23,0
DA:29,1
LF:11
LH:7
BRF:0
BRH:0
end_of_record
TN:
SF:/home/souidan/Desktop/Semester6/SE/31-2273/public/quotes.js
FN:1,(anonymous_1)
FN:13,(anonymous_2)
FN:21,(anonymous_3)
FN:37,(anonymous_4)
FN:43,(anonymous_5)
FN:45,(anonymous_6)
FN:59,(anonymous_7)
FN:64,(anonymous_8)
FN:72,(anonymous_9)
FN:78,(anonymous_10)
FN:88,(anonymous_11)
FNF:11
FNH:11
FNDA:10,(anonymous_1)
FNDA:8,(anonymous_2)
FNDA:5,(anonymous_3)
FNDA:2,(anonymous_4)
FNDA:2,(anonymous_5)
FNDA:1,(anonymous_6)
FNDA:4,(anonymous_7)
FNDA:4,(anonymous_8)
FNDA:2,(anonymous_9)
FNDA:1,(anonymous_10)
FNDA:1,(anonymous_11)
DA:1,1
DA:4,10
DA:5,5
DA:6,5
DA:8,5
DA:9,5
DA:13,1
DA:15,8
DA:17,8
DA:21,1
DA:23,5
DA:24,5
DA:25,5
DA:26,2
DA:27,2
DA:31,3
DA:32,3
DA:37,1
DA:39,2
DA:40,2
DA:41,2
DA:42,2
DA:43,2
DA:44,2
DA:45,1
DA:46,1
DA:47,1
DA:51,1
DA:52,1
DA:59,1
DA:60,4
DA:61,4
DA:62,4
DA:63,4
DA:64,4
DA:65,4
DA:66,4
DA:72,1
DA:73,2
DA:74,2
DA:75,2
DA:76,2
DA:77,2
DA:78,1
DA:79,1
DA:81,1
DA:82,1
DA:88,1
DA:89,1
DA:91,1
DA:92,1
LF:51
LH:51
BRDA:4,1,0,5
BRDA:4,1,1,5
BRDA:8,2,0,5
BRDA:8,2,1,0
BRDA:25,3,0,2
BRDA:25,3,1,3
BRDA:44,4,0,1
BRDA:44,4,1,1
BRDA:65,5,0,0
BRDA:65,5,1,4
BRDA:77,6,0,1
BRDA:77,6,1,1
BRDA:79,7,0,0
BRDA:79,7,1,1
BRDA:89,8,0,0
BRDA:89,8,1,1
BRF:16
BRH:12
end_of_record
